2023-09-28 20:53:19,889.consumer-02-foodA.INFO ==================================================
2023-09-28 20:53:19,890.consumer-02-foodA.INFO Today is 2023-09-28 at 08:53 PM
2023-09-28 20:53:19,890.consumer-02-foodA.INFO Running on: nt Windows 10
2023-09-28 20:53:19,890.consumer-02-foodA.INFO Python version:  3.11.1
2023-09-28 20:53:19,890.consumer-02-foodA.INFO Python path: C:\Users\jorda\OneDrive\Desktop\Northwest Homework\1. Streaming Data\Module 5\streaming-05-smart-smoker\.venv
2023-09-28 20:53:19,890.consumer-02-foodA.INFO Working dir: C:\Users\jorda\OneDrive\Desktop\Northwest Homework\1. Streaming Data\Module 5\streaming-05-smart-smoker
2023-09-28 20:53:19,890.consumer-02-foodA.INFO ==================================================
2023-09-28 20:53:19,902.consumer-02-foodA.INFO  [*] Ready for work. To exit press CTRL+C
2023-09-28 20:53:19,902.consumer-02-foodA.INFO  [x] Received 05/22/21 12:20:15,No Reading
2023-09-28 20:53:19,902.consumer-02-foodA.INFO [X] FoodA Temperature Received and Processed.
2023-09-28 20:53:19,903.consumer-02-foodA.INFO  [x] Received 05/22/21 12:20:20,No Reading
2023-09-28 20:53:19,903.consumer-02-foodA.INFO [X] FoodA Temperature Received and Processed.
2023-09-28 20:53:19,903.consumer-02-foodA.INFO  [x] Received 05/22/21 12:21:10,No Reading
2023-09-28 20:53:19,903.consumer-02-foodA.INFO [X] FoodA Temperature Received and Processed.
2023-09-28 20:53:20,900.consumer-02-foodA.INFO  [x] Received 05/22/21 12:21:15,No Reading
2023-09-28 20:53:20,901.consumer-02-foodA.INFO [X] FoodA Temperature Received and Processed.
2023-09-28 20:53:22,902.consumer-02-foodA.INFO  [x] Received 05/22/21 12:22:10,No Reading
2023-09-28 20:53:22,902.consumer-02-foodA.INFO [X] FoodA Temperature Received and Processed.
2023-09-28 20:53:24,904.consumer-02-foodA.INFO  [x] Received 05/22/21 12:22:15,No Reading
2023-09-28 20:53:24,904.consumer-02-foodA.INFO [X] FoodA Temperature Received and Processed.
2023-09-28 20:53:26,906.consumer-02-foodA.INFO  [x] Received 05/22/21 12:23:10,No Reading
2023-09-28 20:53:26,906.consumer-02-foodA.INFO [X] FoodA Temperature Received and Processed.
2023-09-28 20:53:28,906.consumer-02-foodA.INFO  [x] Received 05/22/21 12:23:15,No Reading
2023-09-28 20:53:28,908.consumer-02-foodA.INFO [X] FoodA Temperature Received and Processed.
2023-09-28 20:53:30,908.consumer-02-foodA.INFO  [x] Received 05/22/21 12:24:10,No Reading
2023-09-28 20:53:30,909.consumer-02-foodA.INFO [X] FoodA Temperature Received and Processed.
2023-09-28 20:53:32,909.consumer-02-foodA.INFO  [x] Received 05/22/21 12:24:15,No Reading
2023-09-28 20:53:32,910.consumer-02-foodA.INFO [X] FoodA Temperature Received and Processed.
2023-09-28 20:53:34,912.consumer-02-foodA.INFO  [x] Received 05/22/21 12:25:05,No Reading
2023-09-28 20:53:34,912.consumer-02-foodA.INFO [X] FoodA Temperature Received and Processed.
2023-09-28 20:53:36,912.consumer-02-foodA.INFO  [x] Received 05/22/21 12:25:10,No Reading
2023-09-28 20:53:36,913.consumer-02-foodA.INFO [X] FoodA Temperature Received and Processed.
2023-09-28 20:53:38,914.consumer-02-foodA.INFO  [x] Received 05/22/21 12:25:15,No Reading
2023-09-28 20:53:38,914.consumer-02-foodA.INFO [X] FoodA Temperature Received and Processed.
2023-09-28 20:53:40,916.consumer-02-foodA.INFO  [x] Received 05/22/21 12:26:10,No Reading
2023-09-28 20:53:40,916.consumer-02-foodA.INFO [X] FoodA Temperature Received and Processed.
2023-09-28 20:53:42,917.consumer-02-foodA.INFO  [x] Received 05/22/21 12:26:15,No Reading
2023-09-28 20:53:42,917.consumer-02-foodA.INFO [X] FoodA Temperature Received and Processed.
2023-09-28 20:53:44,919.consumer-02-foodA.INFO  [x] Received 05/22/21 12:27:10,No Reading
2023-09-28 20:53:44,919.consumer-02-foodA.INFO [X] FoodA Temperature Received and Processed.
2023-09-28 20:53:46,920.consumer-02-foodA.INFO  [x] Received 05/22/21 12:27:15,No Reading
2023-09-28 20:53:46,920.consumer-02-foodA.INFO [X] FoodA Temperature Received and Processed.
2023-09-28 20:53:48,920.consumer-02-foodA.INFO  [x] Received 05/22/21 12:28:10,No Reading
2023-09-28 20:53:48,920.consumer-02-foodA.INFO [X] FoodA Temperature Received and Processed.
2023-09-28 20:53:50,922.consumer-02-foodA.INFO  [x] Received 05/22/21 12:28:15,No Reading
2023-09-28 20:53:50,923.consumer-02-foodA.INFO [X] FoodA Temperature Received and Processed.
2023-09-28 20:53:52,925.consumer-02-foodA.INFO  [x] Received 05/22/21 12:29:10,No Reading
2023-09-28 20:53:52,925.consumer-02-foodA.INFO [X] FoodA Temperature Received and Processed.
2023-09-28 20:53:54,926.consumer-02-foodA.INFO  [x] Received 05/22/21 12:29:15,No Reading
2023-09-28 20:53:54,926.consumer-02-foodA.INFO [X] FoodA Temperature Received and Processed.
2023-09-28 20:53:56,927.consumer-02-foodA.INFO  [x] Received 05/22/21 12:30:10,No Reading
2023-09-28 20:53:56,928.consumer-02-foodA.INFO [X] FoodA Temperature Received and Processed.
2023-09-28 20:53:58,928.consumer-02-foodA.INFO  [x] Received 05/22/21 12:30:15,No Reading
2023-09-28 20:53:58,929.consumer-02-foodA.INFO [X] FoodA Temperature Received and Processed.
2023-09-28 20:54:00,930.consumer-02-foodA.INFO  [x] Received 05/22/21 12:31:10,No Reading
2023-09-28 20:54:00,931.consumer-02-foodA.INFO [X] FoodA Temperature Received and Processed.
2023-09-28 20:54:02,932.consumer-02-foodA.INFO  [x] Received 05/22/21 12:31:15,No Reading
2023-09-28 20:54:02,932.consumer-02-foodA.INFO [X] FoodA Temperature Received and Processed.
2023-09-28 20:54:04,933.consumer-02-foodA.INFO  [x] Received 05/22/21 12:32:10,No Reading
2023-09-28 20:54:04,933.consumer-02-foodA.INFO [X] FoodA Temperature Received and Processed.
2023-09-28 20:54:06,934.consumer-02-foodA.INFO  [x] Received 05/22/21 12:32:15,No Reading
2023-09-28 20:54:06,934.consumer-02-foodA.INFO [X] FoodA Temperature Received and Processed.
2023-09-28 20:54:08,935.consumer-02-foodA.INFO  [x] Received 05/22/21 12:33:10,No Reading
2023-09-28 20:54:08,936.consumer-02-foodA.INFO [X] FoodA Temperature Received and Processed.
2023-09-28 20:54:10,937.consumer-02-foodA.INFO  [x] Received 05/22/21 12:33:15,No Reading
2023-09-28 20:54:10,938.consumer-02-foodA.INFO [X] FoodA Temperature Received and Processed.
2023-09-28 20:54:12,938.consumer-02-foodA.INFO  [x] Received 05/22/21 12:34:10,No Reading
2023-09-28 20:54:12,938.consumer-02-foodA.INFO [X] FoodA Temperature Received and Processed.
2023-09-28 20:54:14,940.consumer-02-foodA.INFO  [x] Received 05/22/21 12:34:15,No Reading
2023-09-28 20:54:14,940.consumer-02-foodA.INFO [X] FoodA Temperature Received and Processed.
2023-09-28 20:54:16,941.consumer-02-foodA.INFO  [x] Received 05/22/21 12:35:10,No Reading
2023-09-28 20:54:16,941.consumer-02-foodA.INFO [X] FoodA Temperature Received and Processed.
2023-09-28 20:54:18,942.consumer-02-foodA.INFO  [x] Received 05/22/21 12:35:15,No Reading
2023-09-28 20:54:18,943.consumer-02-foodA.INFO [X] FoodA Temperature Received and Processed.
2023-09-28 20:54:20,944.consumer-02-foodA.INFO  [x] Received 05/22/21 12:36:10,No Reading
2023-09-28 20:54:20,944.consumer-02-foodA.INFO [X] FoodA Temperature Received and Processed.
2023-09-28 20:54:22,945.consumer-02-foodA.INFO  [x] Received 05/22/21 12:36:15,No Reading
2023-09-28 20:54:22,946.consumer-02-foodA.INFO [X] FoodA Temperature Received and Processed.
2023-09-28 20:54:24,947.consumer-02-foodA.INFO  [x] Received 05/22/21 12:37:10,No Reading
2023-09-28 20:54:24,947.consumer-02-foodA.INFO [X] FoodA Temperature Received and Processed.
2023-09-28 20:54:26,949.consumer-02-foodA.INFO  [x] Received 05/22/21 12:37:15,No Reading
2023-09-28 20:54:26,949.consumer-02-foodA.INFO [X] FoodA Temperature Received and Processed.
2023-09-28 20:54:28,951.consumer-02-foodA.INFO  [x] Received 05/22/21 12:38:10,No Reading
2023-09-28 20:54:28,951.consumer-02-foodA.INFO [X] FoodA Temperature Received and Processed.
2023-09-28 20:54:30,952.consumer-02-foodA.INFO  [x] Received 05/22/21 12:38:15,No Reading
2023-09-28 20:54:30,952.consumer-02-foodA.INFO [X] FoodA Temperature Received and Processed.
2023-09-28 20:54:32,954.consumer-02-foodA.INFO  [x] Received 05/22/21 12:39:10,No Reading
2023-09-28 20:54:32,954.consumer-02-foodA.INFO [X] FoodA Temperature Received and Processed.
2023-09-28 20:54:34,955.consumer-02-foodA.INFO  [x] Received 05/22/21 12:39:15,No Reading
2023-09-28 20:54:34,955.consumer-02-foodA.INFO [X] FoodA Temperature Received and Processed.
2023-09-28 20:54:36,957.consumer-02-foodA.INFO  [x] Received 05/22/21 12:40:10,No Reading
2023-09-28 20:54:36,958.consumer-02-foodA.INFO [X] FoodA Temperature Received and Processed.
2023-09-28 20:54:38,958.consumer-02-foodA.INFO  [x] Received 05/22/21 12:40:15,No Reading
2023-09-28 20:54:38,959.consumer-02-foodA.INFO [X] FoodA Temperature Received and Processed.
2023-09-28 20:54:40,960.consumer-02-foodA.INFO  [x] Received 05/22/21 12:41:10,No Reading
2023-09-28 20:54:40,961.consumer-02-foodA.INFO [X] FoodA Temperature Received and Processed.
2023-09-28 20:54:42,961.consumer-02-foodA.INFO  [x] Received 05/22/21 12:41:15,No Reading
2023-09-28 20:54:42,961.consumer-02-foodA.INFO [X] FoodA Temperature Received and Processed.
2023-09-28 20:54:44,963.consumer-02-foodA.INFO  [x] Received 05/22/21 12:42:10,No Reading
2023-09-28 20:54:44,964.consumer-02-foodA.INFO [X] FoodA Temperature Received and Processed.
2023-09-28 20:54:46,964.consumer-02-foodA.INFO  [x] Received 05/22/21 12:42:15,No Reading
2023-09-28 20:54:46,965.consumer-02-foodA.INFO [X] FoodA Temperature Received and Processed.
2023-09-28 20:54:49,928.consumer-02-foodA.INFO  User interrupted continuous listening process.
2023-09-28 20:54:49,928.consumer-02-foodA.INFO 
Closing connection. Goodbye.

